<?xml version="1.0" encoding="UTF-8"?>
<!-- Generated by org.testng.reporters.JUnitReportReporter -->
<testsuite hostname="DESKTOP-RHNV6U2" failures="0" tests="1" name="com.Amazon.TestLayer.LoginTestLayer" time="10.902" errors="0" timestamp="2023-06-02T13:17:52 IST" skipped="0">
  <testcase classname="com.Amazon.TestLayer.LoginTestLayer" name="validateLoginPage" time="10.902"/>
  <system-out/>
</testsuite> <!-- com.Amazon.TestLayer.LoginTestLayer -->
