<?xml version="1.0" encoding="UTF-8"?>
<!-- Generated by org.testng.reporters.JUnitReportReporter -->
<testsuite hostname="DESKTOP-RHNV6U2" failures="0" tests="1" name="com.Amazon.TestLayer.AmazonTest" time="42.282" errors="0" timestamp="2023-06-02T13:35:57 IST" skipped="0">
  <testcase classname="com.Amazon.TestLayer.AmazonTest" name="amazonShopping" time="42.282"/>
  <system-out/>
</testsuite> <!-- com.Amazon.TestLayer.AmazonTest -->
